#
# There is insufficient memory for the Java Runtime Environment to continue.
# Native memory allocation (malloc) failed to allocate 1558256 bytes for Chunk::new
# Possible reasons:
#   The system is out of physical RAM or swap space
#   The process is running with CompressedOops enabled, and the Java Heap may be blocking the growth of the native heap
# Possible solutions:
#   Reduce memory load on the system
#   Increase physical memory or swap space
#   Check if swap backing store is full
#   Decrease Java heap size (-Xmx/-Xms)
#   Decrease number of Java threads
#   Decrease Java thread stack sizes (-Xss)
#   Set larger code cache with -XX:ReservedCodeCacheSize=
#   JVM is running with Unscaled Compressed Oops mode in which the Java heap is
#     placed in the first 4GB address space. The Java Heap base address is the
#     maximum limit for the native heap growth. Please use -XX:HeapBaseMinAddress
#     to set the Java Heap base and to place the Java Heap above 4GB virtual address.
# This output file may be truncated or incomplete.
#
#  Out of Memory Error (./open/src/hotspot/share/memory/arena.cpp:197), pid=6564, tid=8452
#
# JRE version: Java(TM) SE Runtime Environment 18.9 (11.0.15.1+2) (build 11.0.15.1+2-LTS-10)
# Java VM: Java HotSpot(TM) 64-Bit Server VM 18.9 (11.0.15.1+2-LTS-10, mixed mode, tiered, compressed oops, g1 gc, windows-amd64)
# No core dump will be written. Minidumps are not enabled by default on client versions of Windows
#

---------------  S U M M A R Y ------------

Command Line: -javaagent:C:\Program Files\JetBrains\IntelliJ IDEA Community Edition 2022.2\lib\idea_rt.jar=54459:C:\Program Files\JetBrains\IntelliJ IDEA Community Edition 2022.2\bin -Dfile.encoding=UTF-8 org.example.test

Host: Intel(R) Core(TM) i3-3217U CPU @ 1.80GHz, 4 cores, 1G,  Windows 7 , 64 bit Build 7601 (6.1.7601.24545)
Time: Thu Apr  6 04:16:51 2023 India Standard Time elapsed time: 33.322976 seconds (0d 0h 0m 33s)

---------------  T H R E A D  ---------------

Current thread (0x000000005d94c800):  JavaThread "C2 CompilerThread0" daemon [_thread_in_native, id=8452, stack(0x000000005dbc0000,0x000000005dcc0000)]


Current CompileTask:
C2:  33325 2695   !   4       jdk.internal.loader.URLClassPath$JarLoader::getResource (353 bytes)

Stack: [0x000000005dbc0000,0x000000005dcc0000]
Native frames: (J=compiled Java code, j=interpreted, Vv=VM code, C=native code)
V  [jvm.dll+0x629d8a]
V  [jvm.dll+0x7638ff]
V  [jvm.dll+0x764fa9]
V  [jvm.dll+0x765633]
V  [jvm.dll+0x23d9c8]
V  [jvm.dll+0xb2a1c]
V  [jvm.dll+0xb2fdc]
V  [jvm.dll+0x341047]
V  [jvm.dll+0x18cb19]
V  [jvm.dll+0x1f8672]
V  [jvm.dll+0x1f774d]
V  [jvm.dll+0x177c51]
V  [jvm.dll+0x207026]
V  [jvm.dll+0x2051bb]
V  [jvm.dll+0x729820]
V  [jvm.dll+0x7223f4]
V  [jvm.dll+0x628c26]
C  [ucrtbase.DLL+0x1d912]
C  [kernel32.dll+0x1556d]
C  [ntdll.dll+0x5372d]


---------------  P R O C E S S  ---------------

Threads class SMR info:
_java_thread_list=0x0000000061b11690, length=25, elements={
0x0000000000323800, 0x000000005d92b000, 0x000000005d92c800, 0x000000005d940000,
0x000000005d943000, 0x000000005d944800, 0x000000005d94c800, 0x000000005d950000,
0x000000005d98e800, 0x000000005e6dd800, 0x000000005eacc800, 0x000000005f077800,
0x000000005f0dd000, 0x000000005f292000, 0x000000005f297800, 0x000000005f08d000,
0x0000000061075800, 0x0000000061141000, 0x000000005f4c3800, 0x000000005f4c4800,
0x000000005f4c5800, 0x000000005f4c6000, 0x000000005f4c7000, 0x000000005f4c8000,
0x000000005f4c9800
}

Java Threads: ( => current thread )
  0x0000000000323800 JavaThread "main" [_thread_in_Java, id=5420, stack(0x00000000021b0000,0x00000000022b0000)]
  0x000000005d92b000 JavaThread "Reference Handler" daemon [_thread_blocked, id=5864, stack(0x000000005dcc0000,0x000000005ddc0000)]
  0x000000005d92c800 JavaThread "Finalizer" daemon [_thread_blocked, id=7352, stack(0x000000005dde0000,0x000000005dee0000)]
  0x000000005d940000 JavaThread "Signal Dispatcher" daemon [_thread_blocked, id=6380, stack(0x000000005df20000,0x000000005e020000)]
  0x000000005d943000 JavaThread "Attach Listener" daemon [_thread_blocked, id=5652, stack(0x000000005e060000,0x000000005e160000)]
  0x000000005d944800 JavaThread "Service Thread" daemon [_thread_blocked, id=8328, stack(0x000000005e2d0000,0x000000005e3d0000)]
=>0x000000005d94c800 JavaThread "C2 CompilerThread0" daemon [_thread_in_native, id=8452, stack(0x000000005dbc0000,0x000000005dcc0000)]
  0x000000005d950000 JavaThread "C1 CompilerThread0" daemon [_thread_blocked, id=8788, stack(0x000000005e410000,0x000000005e510000)]
  0x000000005d98e800 JavaThread "Sweeper thread" daemon [_thread_blocked, id=756, stack(0x000000005e5d0000,0x000000005e6d0000)]
  0x000000005e6dd800 JavaThread "Common-Cleaner" daemon [_thread_blocked, id=6552, stack(0x000000005ec20000,0x000000005ed20000)]
  0x000000005eacc800 JavaThread "Monitor Ctrl-Break" daemon [_thread_in_native, id=5352, stack(0x000000005f550000,0x000000005f650000)]
  0x000000005f077800 JavaThread "Java2D Disposer" daemon [_thread_blocked, id=6588, stack(0x000000005faa0000,0x000000005fba0000)]
  0x000000005f0dd000 JavaThread "AWT-Windows" daemon [_thread_in_native, id=2652, stack(0x000000005fe60000,0x000000005ff60000)]
  0x000000005f292000 JavaThread "Thread-0" [_thread_blocked, id=2792, stack(0x000000005fd60000,0x000000005fe60000)]
  0x000000005f297800 JavaThread "pool-1-thread-1" [_thread_blocked, id=6728, stack(0x0000000060480000,0x0000000060580000)]
  0x000000005f08d000 JavaThread "pool-2-thread-1" [_thread_in_native, id=7596, stack(0x0000000060a90000,0x0000000060b90000)]
  0x0000000061075800 JavaThread "ForkJoinPool.commonPool-worker-3" daemon [_thread_blocked, id=7100, stack(0x0000000062dc0000,0x0000000062ec0000)]
  0x0000000061141000 JavaThread "AsyncHttpClient-1-1" daemon [_thread_blocked, id=7820, stack(0x00000000633b0000,0x00000000634b0000)]
  0x000000005f4c3800 JavaThread "Exec Default Executor" daemon [_thread_in_native, id=6224, stack(0x0000000063b10000,0x0000000063c10000)]
  0x000000005f4c4800 JavaThread "Driver Service Executor" daemon [_thread_blocked, id=6568, stack(0x0000000063740000,0x0000000063840000)]
  0x000000005f4c5800 JavaThread "Driver Service Executor" daemon [_thread_blocked, id=6612, stack(0x00000000638a0000,0x00000000639a0000)]
  0x000000005f4c6000 JavaThread "UrlChecker-2" daemon [_thread_blocked, id=5952, stack(0x0000000063c10000,0x0000000063d10000)]
  0x000000005f4c7000 JavaThread "Exec Stream Pumper" daemon [_thread_in_native, id=4128, stack(0x00000000639e0000,0x0000000063ae0000)]
  0x000000005f4c8000 JavaThread "Exec Stream Pumper" daemon [_thread_in_native, id=5900, stack(0x0000000063fa0000,0x00000000640a0000)]
  0x000000005f4c9800 JavaThread "AsyncHttpClient-1-2" daemon [_thread_in_native, id=7008, stack(0x0000000065370000,0x0000000065470000)]

Other Threads:
  0x000000005d8e4000 VMThread "VM Thread" [stack: 0x000000005daa0000,0x000000005dba0000] [id=6636]
  0x000000005eacf800 WatcherThread [stack: 0x000000005f730000,0x000000005f830000] [id=6484]
  0x0000000000339800 GCTaskThread "GC Thread#0" [stack: 0x0000000018ed0000,0x0000000018fd0000] [id=3724]
  0x000000005f298800 GCTaskThread "GC Thread#1" [stack: 0x00000000605a0000,0x00000000606a0000] [id=5472]
  0x000000005f299000 GCTaskThread "GC Thread#2" [stack: 0x0000000060800000,0x0000000060900000] [id=3944]
  0x000000005f23a000 GCTaskThread "GC Thread#3" [stack: 0x00000000606c0000,0x00000000607c0000] [id=3500]
  0x000000000034a800 ConcurrentGCThread "G1 Main Marker" [stack: 0x000000001a650000,0x000000001a750000] [id=6852]
  0x000000000034d000 ConcurrentGCThread "G1 Conc#0" [stack: 0x000000001a870000,0x000000001a970000] [id=1516]
  0x0000000000388000 ConcurrentGCThread "G1 Refine#0" [stack: 0x000000001ccc0000,0x000000001cdc0000] [id=1476]
  0x000000005e840800 ConcurrentGCThread "G1 Refine#1" [stack: 0x0000000060900000,0x0000000060a00000] [id=1260]
  0x000000005f381000 ConcurrentGCThread "G1 Refine#2" [stack: 0x000000005ffa0000,0x00000000600a0000] [id=6844]
  0x0000000000389000 ConcurrentGCThread "G1 Young RemSet Sampling" [stack: 0x000000001ce60000,0x000000001cf60000] [id=7864]

Threads with active compile tasks:
C2 CompilerThread0  33522 2695   !   4       jdk.internal.loader.URLClassPath$JarLoader::getResource (353 bytes)

VM state:not at safepoint (normal execution)

VM Mutex/Monitor currently owned by a thread: None

OutOfMemory and StackOverflow Exception counts:
OutOfMemoryError java_heap_errors=1
LinkageErrors=43

Heap address: 0x00000000e1c00000, size: 484 MB, Compressed Oops mode: 32-bit
Narrow klass base: 0x0000000000000000, Narrow klass shift: 0
Compressed class space size: 1073741824 Address: 0x000000001cf60000

Heap:
 garbage-first heap   total 141312K, used 42876K [0x00000000e1c00000, 0x0000000100000000)
  region size 1024K, 5 young (5120K), 1 survivors (1024K)
 Metaspace       used 32898K, capacity 33691K, committed 33792K, reserved 1089536K
  class space    used 3749K, capacity 4046K, committed 4096K, reserved 1048576K
Heap Regions: E=young(eden), S=young(survivor), O=old, HS=humongous(starts), HC=humongous(continues), CS=collection set, F=free, A=archive, TAMS=top-at-mark-start (previous, next)
|   0|0x00000000e1c00000, 0x00000000e1d00000, 0x00000000e1d00000|100%|HS|  |TAMS 0x00000000e1d00000, 0x00000000e1c00000| Complete 
|   1|0x00000000e1d00000, 0x00000000e1e00000, 0x00000000e1e00000|100%|HC|  |TAMS 0x00000000e1e00000, 0x00000000e1d00000| Complete 
|   2|0x00000000e1e00000, 0x00000000e1f00000, 0x00000000e1f00000|100%|HC|  |TAMS 0x00000000e1f00000, 0x00000000e1e00000| Complete 
|   3|0x00000000e1f00000, 0x00000000e2000000, 0x00000000e2000000|100%|HC|  |TAMS 0x00000000e2000000, 0x00000000e1f00000| Complete 
|   4|0x00000000e2000000, 0x00000000e2100000, 0x00000000e2100000|100%|HC|  |TAMS 0x00000000e2100000, 0x00000000e2000000| Complete 
|   5|0x00000000e2100000, 0x00000000e2200000, 0x00000000e2200000|100%| O|  |TAMS 0x00000000e2200000, 0x00000000e2100000| Untracked 
|   6|0x00000000e2200000, 0x00000000e2300000, 0x00000000e2300000|100%| O|  |TAMS 0x00000000e2300000, 0x00000000e2200000| Untracked 
|   7|0x00000000e2300000, 0x00000000e2400000, 0x00000000e2400000|100%| O|  |TAMS 0x00000000e2400000, 0x00000000e2300000| Untracked 
|   8|0x00000000e2400000, 0x00000000e2500000, 0x00000000e2500000|100%| O|  |TAMS 0x00000000e2500000, 0x00000000e2400000| Untracked 
|   9|0x00000000e2500000, 0x00000000e2500000, 0x00000000e2600000|  0%| F|  |TAMS 0x00000000e2500000, 0x00000000e2500000| Untracked 
|  10|0x00000000e2600000, 0x00000000e2600000, 0x00000000e2700000|  0%| F|  |TAMS 0x00000000e2600000, 0x00000000e2600000| Untracked 
|  11|0x00000000e2700000, 0x00000000e2700000, 0x00000000e2800000|  0%| F|  |TAMS 0x00000000e2700000, 0x00000000e2700000| Untracked 
|  12|0x00000000e2800000, 0x00000000e2800000, 0x00000000e2900000|  0%| F|  |TAMS 0x00000000e2800000, 0x00000000e2800000| Untracked 
|  13|0x00000000e2900000, 0x00000000e2900000, 0x00000000e2a00000|  0%| F|  |TAMS 0x00000000e2900000, 0x00000000e2900000| Untracked 
|  14|0x00000000e2a00000, 0x00000000e2b00000, 0x00000000e2b00000|100%| O|  |TAMS 0x00000000e2b00000, 0x00000000e2a00000| Untracked 
|  15|0x00000000e2b00000, 0x00000000e2c00000, 0x00000000e2c00000|100%| O|  |TAMS 0x00000000e2c00000, 0x00000000e2b00000| Untracked 
|  16|0x00000000e2c00000, 0x00000000e2d00000, 0x00000000e2d00000|100%|HS|  |TAMS 0x00000000e2d00000, 0x00000000e2c00000| Complete 
|  17|0x00000000e2d00000, 0x00000000e2e00000, 0x00000000e2e00000|100%|HS|  |TAMS 0x00000000e2e00000, 0x00000000e2d00000| Complete 
|  18|0x00000000e2e00000, 0x00000000e2f00000, 0x00000000e2f00000|100%|HC|  |TAMS 0x00000000e2f00000, 0x00000000e2e00000| Complete 
|  19|0x00000000e2f00000, 0x00000000e3000000, 0x00000000e3000000|100%|HC|  |TAMS 0x00000000e3000000, 0x00000000e2f00000| Complete 
|  20|0x00000000e3000000, 0x00000000e3100000, 0x00000000e3100000|100%|HC|  |TAMS 0x00000000e3100000, 0x00000000e3000000| Complete 
|  21|0x00000000e3100000, 0x00000000e3200000, 0x00000000e3200000|100%|HC|  |TAMS 0x00000000e3200000, 0x00000000e3100000| Complete 
|  22|0x00000000e3200000, 0x00000000e3200000, 0x00000000e3300000|  0%| F|  |TAMS 0x00000000e3200000, 0x00000000e3200000| Untracked 
|  23|0x00000000e3300000, 0x00000000e3300000, 0x00000000e3400000|  0%| F|  |TAMS 0x00000000e3300000, 0x00000000e3300000| Untracked 
|  24|0x00000000e3400000, 0x00000000e3400000, 0x00000000e3500000|  0%| F|  |TAMS 0x00000000e3400000, 0x00000000e3400000| Untracked 
|  25|0x00000000e3500000, 0x00000000e3500000, 0x00000000e3600000|  0%| F|  |TAMS 0x00000000e3500000, 0x00000000e3500000| Untracked 
|  26|0x00000000e3600000, 0x00000000e3600000, 0x00000000e3700000|  0%| F|  |TAMS 0x00000000e3600000, 0x00000000e3600000| Untracked 
|  27|0x00000000e3700000, 0x00000000e3800000, 0x00000000e3800000|100%|HS|  |TAMS 0x00000000e3800000, 0x00000000e3700000| Complete 
|  28|0x00000000e3800000, 0x00000000e3900000, 0x00000000e3900000|100%|HC|  |TAMS 0x00000000e3900000, 0x00000000e3800000| Complete 
|  29|0x00000000e3900000, 0x00000000e3a00000, 0x00000000e3a00000|100%|HC|  |TAMS 0x00000000e3a00000, 0x00000000e3900000| Complete 
|  30|0x00000000e3a00000, 0x00000000e3b00000, 0x00000000e3b00000|100%|HC|  |TAMS 0x00000000e3b00000, 0x00000000e3a00000| Complete 
|  31|0x00000000e3b00000, 0x00000000e3c00000, 0x00000000e3c00000|100%|HC|  |TAMS 0x00000000e3c00000, 0x00000000e3b00000| Complete 
|  32|0x00000000e3c00000, 0x00000000e3d00000, 0x00000000e3d00000|100%| O|  |TAMS 0x00000000e3d00000, 0x00000000e3c00000| Untracked 
|  33|0x00000000e3d00000, 0x00000000e3d00000, 0x00000000e3e00000|  0%| F|  |TAMS 0x00000000e3d00000, 0x00000000e3d00000| Untracked 
|  34|0x00000000e3e00000, 0x00000000e3e00000, 0x00000000e3f00000|  0%| F|  |TAMS 0x00000000e3e00000, 0x00000000e3e00000| Untracked 
|  35|0x00000000e3f00000, 0x00000000e3f00000, 0x00000000e4000000|  0%| F|  |TAMS 0x00000000e3f00000, 0x00000000e3f00000| Untracked 
|  36|0x00000000e4000000, 0x00000000e4000000, 0x00000000e4100000|  0%| F|  |TAMS 0x00000000e4000000, 0x00000000e4000000| Untracked 
|  37|0x00000000e4100000, 0x00000000e4100000, 0x00000000e4200000|  0%| F|  |TAMS 0x00000000e4100000, 0x00000000e4100000| Untracked 
|  38|0x00000000e4200000, 0x00000000e4300000, 0x00000000e4300000|100%|HS|  |TAMS 0x00000000e4300000, 0x00000000e4200000| Complete 
|  39|0x00000000e4300000, 0x00000000e4400000, 0x00000000e4400000|100%|HC|  |TAMS 0x00000000e4400000, 0x00000000e4300000| Complete 
|  40|0x00000000e4400000, 0x00000000e4500000, 0x00000000e4500000|100%|HC|  |TAMS 0x00000000e4500000, 0x00000000e4400000| Complete 
|  41|0x00000000e4500000, 0x00000000e4600000, 0x00000000e4600000|100%|HC|  |TAMS 0x00000000e4600000, 0x00000000e4500000| Complete 
|  42|0x00000000e4600000, 0x00000000e4700000, 0x00000000e4700000|100%|HC|  |TAMS 0x00000000e4700000, 0x00000000e4600000| Complete 
|  43|0x00000000e4700000, 0x00000000e4700000, 0x00000000e4800000|  0%| F|  |TAMS 0x00000000e4700000, 0x00000000e4700000| Untracked 
|  44|0x00000000e4800000, 0x00000000e4800000, 0x00000000e4900000|  0%| F|  |TAMS 0x00000000e4800000, 0x00000000e4800000| Untracked 
|  45|0x00000000e4900000, 0x00000000e4900000, 0x00000000e4a00000|  0%| F|  |TAMS 0x00000000e4900000, 0x00000000e4900000| Untracked 
|  46|0x00000000e4a00000, 0x00000000e4a00000, 0x00000000e4b00000|  0%| F|  |TAMS 0x00000000e4a00000, 0x00000000e4a00000| Untracked 
|  47|0x00000000e4b00000, 0x00000000e4b00000, 0x00000000e4c00000|  0%| F|  |TAMS 0x00000000e4b00000, 0x00000000e4b00000| Untracked 
|  48|0x00000000e4c00000, 0x00000000e4d00000, 0x00000000e4d00000|100%|HS|  |TAMS 0x00000000e4d00000, 0x00000000e4c00000| Complete 
|  49|0x00000000e4d00000, 0x00000000e4e00000, 0x00000000e4e00000|100%|HC|  |TAMS 0x00000000e4e00000, 0x00000000e4d00000| Complete 
|  50|0x00000000e4e00000, 0x00000000e4f00000, 0x00000000e4f00000|100%|HC|  |TAMS 0x00000000e4f00000, 0x00000000e4e00000| Complete 
|  51|0x00000000e4f00000, 0x00000000e5000000, 0x00000000e5000000|100%|HC|  |TAMS 0x00000000e5000000, 0x00000000e4f00000| Complete 
|  52|0x00000000e5000000, 0x00000000e5100000, 0x00000000e5100000|100%|HC|  |TAMS 0x00000000e5100000, 0x00000000e5000000| Complete 
|  53|0x00000000e5100000, 0x00000000e5200000, 0x00000000e5200000|100%| O|  |TAMS 0x00000000e5200000, 0x00000000e5100000| Untracked 
|  54|0x00000000e5200000, 0x00000000e5200000, 0x00000000e5300000|  0%| F|  |TAMS 0x00000000e5200000, 0x00000000e5200000| Untracked 
|  55|0x00000000e5300000, 0x00000000e5300000, 0x00000000e5400000|  0%| F|  |TAMS 0x00000000e5300000, 0x00000000e5300000| Untracked 
|  56|0x00000000e5400000, 0x00000000e5400000, 0x00000000e5500000|  0%| F|  |TAMS 0x00000000e5400000, 0x00000000e5400000| Untracked 
|  57|0x00000000e5500000, 0x00000000e5500000, 0x00000000e5600000|  0%| F|  |TAMS 0x00000000e5500000, 0x00000000e5500000| Untracked 
|  58|0x00000000e5600000, 0x00000000e5600000, 0x00000000e5700000|  0%| F|  |TAMS 0x00000000e5600000, 0x00000000e5600000| Untracked 
|  59|0x00000000e5700000, 0x00000000e5800000, 0x00000000e5800000|100%| O|  |TAMS 0x00000000e5800000, 0x00000000e5700000| Untracked 
|  60|0x00000000e5800000, 0x00000000e5900000, 0x00000000e5900000|100%| O|  |TAMS 0x00000000e5900000, 0x00000000e5800000| Untracked 
|  61|0x00000000e5900000, 0x00000000e5a00000, 0x00000000e5a00000|100%| O|  |TAMS 0x00000000e5a00000, 0x00000000e5900000| Untracked 
|  62|0x00000000e5a00000, 0x00000000e5b00000, 0x00000000e5b00000|100%| O|  |TAMS 0x00000000e5b00000, 0x00000000e5a00000| Untracked 
|  63|0x00000000e5b00000, 0x00000000e5bb5e00, 0x00000000e5c00000| 71%| O|  |TAMS 0x00000000e5bb5e00, 0x00000000e5b00000| Untracked 
|  64|0x00000000e5c00000, 0x00000000e5c00000, 0x00000000e5d00000|  0%| F|  |TAMS 0x00000000e5c00000, 0x00000000e5c00000| Untracked 
|  65|0x00000000e5d00000, 0x00000000e5d00000, 0x00000000e5e00000|  0%| F|  |TAMS 0x00000000e5d00000, 0x00000000e5d00000| Untracked 
|  66|0x00000000e5e00000, 0x00000000e5e00000, 0x00000000e5f00000|  0%| F|  |TAMS 0x00000000e5e00000, 0x00000000e5e00000| Untracked 
|  67|0x00000000e5f00000, 0x00000000e5f00000, 0x00000000e6000000|  0%| F|  |TAMS 0x00000000e5f00000, 0x00000000e5f00000| Untracked 
|  68|0x00000000e6000000, 0x00000000e6000000, 0x00000000e6100000|  0%| F|  |TAMS 0x00000000e6000000, 0x00000000e6000000| Untracked 
|  69|0x00000000e6100000, 0x00000000e6100000, 0x00000000e6200000|  0%| F|  |TAMS 0x00000000e6100000, 0x00000000e6100000| Untracked 
|  70|0x00000000e6200000, 0x00000000e6200000, 0x00000000e6300000|  0%| F|  |TAMS 0x00000000e6200000, 0x00000000e6200000| Untracked 
|  71|0x00000000e6300000, 0x00000000e6300000, 0x00000000e6400000|  0%| F|  |TAMS 0x00000000e6300000, 0x00000000e6300000| Untracked 
|  72|0x00000000e6400000, 0x00000000e6400000, 0x00000000e6500000|  0%| F|  |TAMS 0x00000000e6400000, 0x00000000e6400000| Untracked 
|  73|0x00000000e6500000, 0x00000000e6500000, 0x00000000e6600000|  0%| F|  |TAMS 0x00000000e6500000, 0x00000000e6500000| Untracked 
|  74|0x00000000e6600000, 0x00000000e6600000, 0x00000000e6700000|  0%| F|  |TAMS 0x00000000e6600000, 0x00000000e6600000| Untracked 
|  75|0x00000000e6700000, 0x00000000e6700000, 0x00000000e6800000|  0%| F|  |TAMS 0x00000000e6700000, 0x00000000e6700000| Untracked 
|  76|0x00000000e6800000, 0x00000000e6800000, 0x00000000e6900000|  0%| F|  |TAMS 0x00000000e6800000, 0x00000000e6800000| Untracked 
|  77|0x00000000e6900000, 0x00000000e6900000, 0x00000000e6a00000|  0%| F|  |TAMS 0x00000000e6900000, 0x00000000e6900000| Untracked 
|  78|0x00000000e6a00000, 0x00000000e6a00000, 0x00000000e6b00000|  0%| F|  |TAMS 0x00000000e6a00000, 0x00000000e6a00000| Untracked 
|  79|0x00000000e6b00000, 0x00000000e6b00000, 0x00000000e6c00000|  0%| F|  |TAMS 0x00000000e6b00000, 0x00000000e6b00000| Untracked 
|  80|0x00000000e6c00000, 0x00000000e6c00000, 0x00000000e6d00000|  0%| F|  |TAMS 0x00000000e6c00000, 0x00000000e6c00000| Untracked 
|  81|0x00000000e6d00000, 0x00000000e6d00000, 0x00000000e6e00000|  0%| F|  |TAMS 0x00000000e6d00000, 0x00000000e6d00000| Untracked 
|  82|0x00000000e6e00000, 0x00000000e6e00000, 0x00000000e6f00000|  0%| F|  |TAMS 0x00000000e6e00000, 0x00000000e6e00000| Untracked 
|  83|0x00000000e6f00000, 0x00000000e6f00000, 0x00000000e7000000|  0%| F|  |TAMS 0x00000000e6f00000, 0x00000000e6f00000| Untracked 
|  84|0x00000000e7000000, 0x00000000e7000000, 0x00000000e7100000|  0%| F|  |TAMS 0x00000000e7000000, 0x00000000e7000000| Untracked 
|  85|0x00000000e7100000, 0x00000000e7100000, 0x00000000e7200000|  0%| F|  |TAMS 0x00000000e7100000, 0x00000000e7100000| Untracked 
|  86|0x00000000e7200000, 0x00000000e7200000, 0x00000000e7300000|  0%| F|  |TAMS 0x00000000e7200000, 0x00000000e7200000| Untracked 
|  87|0x00000000e7300000, 0x00000000e7300000, 0x00000000e7400000|  0%| F|  |TAMS 0x00000000e7300000, 0x00000000e7300000| Untracked 
|  88|0x00000000e7400000, 0x00000000e7400000, 0x00000000e7500000|  0%| F|  |TAMS 0x00000000e7400000, 0x00000000e7400000| Untracked 
|  89|0x00000000e7500000, 0x00000000e7500000, 0x00000000e7600000|  0%| F|  |TAMS 0x00000000e7500000, 0x00000000e7500000| Untracked 
|  90|0x00000000e7600000, 0x00000000e7600000, 0x00000000e7700000|  0%| F|  |TAMS 0x00000000e7600000, 0x00000000e7600000| Untracked 
|  91|0x00000000e7700000, 0x00000000e7700000, 0x00000000e7800000|  0%| F|  |TAMS 0x00000000e7700000, 0x00000000e7700000| Untracked 
|  92|0x00000000e7800000, 0x00000000e7800000, 0x00000000e7900000|  0%| F|  |TAMS 0x00000000e7800000, 0x00000000e7800000| Untracked 
|  93|0x00000000e7900000, 0x00000000e7900000, 0x00000000e7a00000|  0%| F|  |TAMS 0x00000000e7900000, 0x00000000e7900000| Untracked 
|  94|0x00000000e7a00000, 0x00000000e7a00000, 0x00000000e7b00000|  0%| F|  |TAMS 0x00000000e7a00000, 0x00000000e7a00000| Untracked 
|  95|0x00000000e7b00000, 0x00000000e7b00000, 0x00000000e7c00000|  0%| F|  |TAMS 0x00000000e7b00000, 0x00000000e7b00000| Untracked 
|  96|0x00000000e7c00000, 0x00000000e7c00000, 0x00000000e7d00000|  0%| F|  |TAMS 0x00000000e7c00000, 0x00000000e7c00000| Untracked 
|  97|0x00000000e7d00000, 0x00000000e7d00000, 0x00000000e7e00000|  0%| F|  |TAMS 0x00000000e7d00000, 0x00000000e7d00000| Untracked 
|  98|0x00000000e7e00000, 0x00000000e7e00000, 0x00000000e7f00000|  0%| F|  |TAMS 0x00000000e7e00000, 0x00000000e7e00000| Untracked 
|  99|0x00000000e7f00000, 0x00000000e7f00000, 0x00000000e8000000|  0%| F|  |TAMS 0x00000000e7f00000, 0x00000000e7f00000| Untracked 
| 100|0x00000000e8000000, 0x00000000e8000000, 0x00000000e8100000|  0%| F|  |TAMS 0x00000000e8000000, 0x00000000e8000000| Untracked 
| 101|0x00000000e8100000, 0x00000000e8100000, 0x00000000e8200000|  0%| F|  |TAMS 0x00000000e8100000, 0x00000000e8100000| Untracked 
| 102|0x00000000e8200000, 0x00000000e8200000, 0x00000000e8300000|  0%| F|  |TAMS 0x00000000e8200000, 0x00000000e8200000| Untracked 
| 103|0x00000000e8300000, 0x00000000e8300000, 0x00000000e8400000|  0%| F|  |TAMS 0x00000000e8300000, 0x00000000e8300000| Untracked 
| 104|0x00000000e8400000, 0x00000000e8400000, 0x00000000e8500000|  0%| F|  |TAMS 0x00000000e8400000, 0x00000000e8400000| Untracked 
| 105|0x00000000e8500000, 0x00000000e8500000, 0x00000000e8600000|  0%| F|  |TAMS 0x00000000e8500000, 0x00000000e8500000| Untracked 
| 106|0x00000000e8600000, 0x00000000e8600000, 0x00000000e8700000|  0%| F|  |TAMS 0x00000000e8600000, 0x00000000e8600000| Untracked 
| 107|0x00000000e8700000, 0x00000000e8700000, 0x00000000e8800000|  0%| F|  |TAMS 0x00000000e8700000, 0x00000000e8700000| Untracked 
| 108|0x00000000e8800000, 0x00000000e8800000, 0x00000000e8900000|  0%| F|  |TAMS 0x00000000e8800000, 0x00000000e8800000| Untracked 
| 109|0x00000000e8900000, 0x00000000e8900000, 0x00000000e8a00000|  0%| F|  |TAMS 0x00000000e8900000, 0x00000000e8900000| Untracked 
| 110|0x00000000e8a00000, 0x00000000e8a00000, 0x00000000e8b00000|  0%| F|  |TAMS 0x00000000e8a00000, 0x00000000e8a00000| Untracked 
| 111|0x00000000e8b00000, 0x00000000e8b00000, 0x00000000e8c00000|  0%| F|  |TAMS 0x00000000e8b00000, 0x00000000e8b00000| Untracked 
| 112|0x00000000e8c00000, 0x00000000e8c00000, 0x00000000e8d00000|  0%| F|  |TAMS 0x00000000e8c00000, 0x00000000e8c00000| Untracked 
| 113|0x00000000e8d00000, 0x00000000e8d00000, 0x00000000e8e00000|  0%| F|  |TAMS 0x00000000e8d00000, 0x00000000e8d00000| Untracked 
| 114|0x00000000e8e00000, 0x00000000e8e00000, 0x00000000e8f00000|  0%| F|  |TAMS 0x00000000e8e00000, 0x00000000e8e00000| Untracked 
| 115|0x00000000e8f00000, 0x00000000e8f00000, 0x00000000e9000000|  0%| F|  |TAMS 0x00000000e8f00000, 0x00000000e8f00000| Untracked 
| 116|0x00000000e9000000, 0x00000000e9000000, 0x00000000e9100000|  0%| F|  |TAMS 0x00000000e9000000, 0x00000000e9000000| Untracked 
| 117|0x00000000e9100000, 0x00000000e9100000, 0x00000000e9200000|  0%| F|  |TAMS 0x00000000e9100000, 0x00000000e9100000| Untracked 
| 118|0x00000000e9200000, 0x00000000e9200000, 0x00000000e9300000|  0%| F|  |TAMS 0x00000000e9200000, 0x00000000e9200000| Untracked 
| 119|0x00000000e9300000, 0x00000000e9300000, 0x00000000e9400000|  0%| F|  |TAMS 0x00000000e9300000, 0x00000000e9300000| Untracked 
| 120|0x00000000e9400000, 0x00000000e9400000, 0x00000000e9500000|  0%| F|  |TAMS 0x00000000e9400000, 0x00000000e9400000| Untracked 
| 121|0x00000000e9500000, 0x00000000e9500000, 0x00000000e9600000|  0%| F|  |TAMS 0x00000000e9500000, 0x00000000e9500000| Untracked 
| 122|0x00000000e9600000, 0x00000000e9600000, 0x00000000e9700000|  0%| F|  |TAMS 0x00000000e9600000, 0x00000000e9600000| Untracked 
| 123|0x00000000e9700000, 0x00000000e9700000, 0x00000000e9800000|  0%| F|  |TAMS 0x00000000e9700000, 0x00000000e9700000| Untracked 
| 124|0x00000000e9800000, 0x00000000e9800000, 0x00000000e9900000|  0%| F|  |TAMS 0x00000000e9800000, 0x00000000e9800000| Untracked 
| 125|0x00000000e9900000, 0x00000000e9900000, 0x00000000e9a00000|  0%| F|  |TAMS 0x00000000e9900000, 0x00000000e9900000| Untracked 
| 126|0x00000000e9a00000, 0x00000000e9a00000, 0x00000000e9b00000|  0%| F|  |TAMS 0x00000000e9a00000, 0x00000000e9a00000| Untracked 
| 127|0x00000000e9b00000, 0x00000000e9b00000, 0x00000000e9c00000|  0%| F|  |TAMS 0x00000000e9b00000, 0x00000000e9b00000| Untracked 
| 128|0x00000000e9c00000, 0x00000000e9c00000, 0x00000000e9d00000|  0%| F|  |TAMS 0x00000000e9c00000, 0x00000000e9c00000| Untracked 
| 129|0x00000000e9d00000, 0x00000000e9d292f8, 0x00000000e9e00000| 16%| S|CS|TAMS 0x00000000e9d00000, 0x00000000e9d00000| Complete 
| 130|0x00000000e9e00000, 0x00000000e9e00000, 0x00000000e9f00000|  0%| F|  |TAMS 0x00000000e9e00000, 0x00000000e9e00000| Untracked 
| 131|0x00000000e9f00000, 0x00000000e9f00000, 0x00000000ea000000|  0%| F|  |TAMS 0x00000000e9f00000, 0x00000000e9f00000| Untracked 
| 132|0x00000000ea000000, 0x00000000ea000000, 0x00000000ea100000|  0%| F|  |TAMS 0x00000000ea000000, 0x00000000ea000000| Untracked 
| 133|0x00000000ea100000, 0x00000000ea100000, 0x00000000ea200000|  0%| F|  |TAMS 0x00000000ea100000, 0x00000000ea100000| Untracked 
| 134|0x00000000ea200000, 0x00000000ea280c10, 0x00000000ea300000| 50%| E|  |TAMS 0x00000000ea200000, 0x00000000ea200000| Complete 
| 135|0x00000000ea300000, 0x00000000ea400000, 0x00000000ea400000|100%| E|CS|TAMS 0x00000000ea300000, 0x00000000ea300000| Complete 
| 136|0x00000000ea400000, 0x00000000ea500000, 0x00000000ea500000|100%| E|CS|TAMS 0x00000000ea400000, 0x00000000ea400000| Complete 
| 137|0x00000000ea500000, 0x00000000ea600000, 0x00000000ea600000|100%| E|CS|TAMS 0x00000000ea500000, 0x00000000ea500000| Complete 

Card table byte_map: [0x0000000019510000,0x0000000019610000] _byte_map_base: 0x0000000018e02000

Marking Bits (Prev, Next): (CMBitMap*) 0x0000000000347e30, (CMBitMap*) 0x0000000000347df8
 Prev Bits: [0x0000000019ea0000, 0x000000001a630000)
 Next Bits: [0x0000000019710000, 0x0000000019ea0000)

Polling page: 0x0000000000230000

Metaspace:

Usage:
  Non-class:     28.95 MB capacity,    28.47 MB ( 98%) used,   406.44 KB (  1%) free+waste,    89.19 KB ( <1%) overhead. 
      Class:      3.95 MB capacity,     3.66 MB ( 93%) used,   252.33 KB (  6%) free+waste,    44.13 KB (  1%) overhead. 
       Both:     32.90 MB capacity,    32.13 MB ( 98%) used,   658.77 KB (  2%) free+waste,   133.31 KB ( <1%) overhead. 

Virtual space:
  Non-class space:       40.00 MB reserved,      29.00 MB ( 73%) committed 
      Class space:        1.00 GB reserved,       4.00 MB ( <1%) committed 
             Both:        1.04 GB reserved,      33.00 MB (  3%) committed 

Chunk freelists:
   Non-Class:  6.38 KB
       Class:  2.25 KB
        Both:  8.63 KB

CodeHeap 'non-profiled nmethods': size=120064Kb used=1171Kb max_used=1171Kb free=118892Kb
 bounds [0x0000000011810000, 0x0000000011a80000, 0x0000000018d50000]
CodeHeap 'profiled nmethods': size=120000Kb used=5932Kb max_used=5932Kb free=114067Kb
 bounds [0x000000000a2e0000, 0x000000000a8b0000, 0x0000000011810000]
CodeHeap 'non-nmethods': size=5696Kb used=1256Kb max_used=1272Kb free=4439Kb
 bounds [0x0000000009d50000, 0x0000000009fc0000, 0x000000000a2e0000]
 total_blobs=3401 nmethods=2750 adapters=562
 compilation: enabled
              stopped_count=0, restarted_count=0
 full_count=0

Compilation events (10 events):
Event: 33.178 Thread 0x000000005d950000 2750       3       java.lang.invoke.MethodType::parameterSlotCount (8 bytes)
Event: 33.178 Thread 0x000000005d950000 nmethod 2750 0x000000000a89a190 code [0x000000000a89a340, 0x000000000a89a538]
Event: 33.178 Thread 0x000000005d950000 2751       3       java.lang.invoke.MethodTypeForm::parameterSlotCount (9 bytes)
Event: 33.178 Thread 0x000000005d950000 nmethod 2751 0x000000000a89a610 code [0x000000000a89a7a0, 0x000000000a89a918]
Event: 33.178 Thread 0x000000005d950000 2749       3       java.lang.invoke.LambdaFormBuffer::growNames (281 bytes)
Event: 33.181 Thread 0x000000005d950000 nmethod 2749 0x000000000a89aa10 code [0x000000000a89aca0, 0x000000000a89bcd8]
Event: 33.214 Thread 0x000000005d950000 2752       1       jdk.internal.loader.BuiltinClassLoader$LoadedModule::loader (5 bytes)
Event: 33.214 Thread 0x000000005d950000 nmethod 2752 0x0000000011933890 code [0x0000000011933a20, 0x0000000011933ad8]
Event: 33.223 Thread 0x000000005d950000 2754       3       sun.nio.cs.UTF_8$Encoder::encodeArrayLoop (489 bytes)
Event: 33.239 Thread 0x000000005d950000 nmethod 2754 0x000000000a89c210 code [0x000000000a89c800, 0x000000000a89fe48]

GC Heap History (10 events):
Event: 25.250 GC heap before
{Heap before GC invocations=210 (full 0):
 garbage-first heap   total 141312K, used 60121K [0x00000000e1c00000, 0x0000000100000000)
  region size 1024K, 2 young (2048K), 1 survivors (1024K)
 Metaspace       used 31287K, capacity 32025K, committed 32256K, reserved 1077248K
  class space    used 3539K, capacity 3832K, committed 3840K, reserved 1048576K
}
Event: 25.252 GC heap after
{Heap after GC invocations=211 (full 0):
 garbage-first heap   total 141312K, used 44772K [0x00000000e1c00000, 0x0000000100000000)
  region size 1024K, 1 young (1024K), 1 survivors (1024K)
 Metaspace       used 31287K, capacity 32025K, committed 32256K, reserved 1077248K
  class space    used 3539K, capacity 3832K, committed 3840K, reserved 1048576K
}
Event: 25.457 GC heap before
{Heap before GC invocations=212 (full 0):
 garbage-first heap   total 141312K, used 60132K [0x00000000e1c00000, 0x0000000100000000)
  region size 1024K, 2 young (2048K), 1 survivors (1024K)
 Metaspace       used 31287K, capacity 32025K, committed 32256K, reserved 1077248K
  class space    used 3539K, capacity 3832K, committed 3840K, reserved 1048576K
}
Event: 25.459 GC heap after
{Heap after GC invocations=213 (full 0):
 garbage-first heap   total 141312K, used 49890K [0x00000000e1c00000, 0x0000000100000000)
  region size 1024K, 1 young (1024K), 1 survivors (1024K)
 Metaspace       used 31287K, capacity 32025K, committed 32256K, reserved 1077248K
  class space    used 3539K, capacity 3832K, committed 3840K, reserved 1048576K
}
Event: 25.586 GC heap before
{Heap before GC invocations=214 (full 0):
 garbage-first heap   total 141312K, used 60130K [0x00000000e1c00000, 0x0000000100000000)
  region size 1024K, 2 young (2048K), 1 survivors (1024K)
 Metaspace       used 31287K, capacity 32025K, committed 32256K, reserved 1077248K
  class space    used 3539K, capacity 3832K, committed 3840K, reserved 1048576K
}
Event: 25.588 GC heap after
{Heap after GC invocations=215 (full 0):
 garbage-first heap   total 141312K, used 44777K [0x00000000e1c00000, 0x0000000100000000)
  region size 1024K, 1 young (1024K), 1 survivors (1024K)
 Metaspace       used 31287K, capacity 32025K, committed 32256K, reserved 1077248K
  class space    used 3539K, capacity 3832K, committed 3840K, reserved 1048576K
}
Event: 25.768 GC heap before
{Heap before GC invocations=216 (full 0):
 garbage-first heap   total 141312K, used 60137K [0x00000000e1c00000, 0x0000000100000000)
  region size 1024K, 2 young (2048K), 1 survivors (1024K)
 Metaspace       used 31291K, capacity 32025K, committed 32256K, reserved 1077248K
  class space    used 3539K, capacity 3832K, committed 3840K, reserved 1048576K
}
Event: 25.769 GC heap after
{Heap after GC invocations=217 (full 0):
 garbage-first heap   total 141312K, used 49904K [0x00000000e1c00000, 0x0000000100000000)
  region size 1024K, 1 young (1024K), 1 survivors (1024K)
 Metaspace       used 31291K, capacity 32025K, committed 32256K, reserved 1077248K
  class space    used 3539K, capacity 3832K, committed 3840K, reserved 1048576K
}
Event: 32.813 GC heap before
{Heap before GC invocations=218 (full 0):
 garbage-first heap   total 141312K, used 66288K [0x00000000e1c00000, 0x0000000100000000)
  region size 1024K, 8 young (8192K), 1 survivors (1024K)
 Metaspace       used 32117K, capacity 32873K, committed 32896K, reserved 1085440K
  class space    used 3661K, capacity 3945K, committed 3968K, reserved 1048576K
}
Event: 32.817 GC heap after
{Heap after GC invocations=219 (full 0):
 garbage-first heap   total 141312K, used 39804K [0x00000000e1c00000, 0x0000000100000000)
  region size 1024K, 1 young (1024K), 1 survivors (1024K)
 Metaspace       used 32117K, capacity 32873K, committed 32896K, reserved 1085440K
  class space    used 3661K, capacity 3945K, committed 3968K, reserved 1048576K
}

Deoptimization events (10 events):
Event: 13.189 Thread 0x0000000000323800 Uncommon trap: reason=unstable_if action=reinterpret pc=0x0000000011860acc method=java.util.HashMap.getNode(ILjava/lang/Object;)Ljava/util/HashMap$Node; @ 62 c2
Event: 13.349 Thread 0x0000000000323800 Uncommon trap: reason=unstable_if action=reinterpret pc=0x00000000118bab4c method=java.lang.Integer.parseInt(Ljava/lang/String;I)I @ 119 c2
Event: 14.377 Thread 0x0000000000323800 Uncommon trap: reason=unstable_if action=reinterpret pc=0x000000001184ce18 method=java.lang.invoke.MethodType$ConcurrentWeakInternSet$WeakEntry.equals(Ljava/lang/Object;)Z @ 21 c2
Event: 14.418 Thread 0x0000000000323800 Uncommon trap: reason=class_check action=maybe_recompile pc=0x00000000118a9e58 method=java.util.regex.Matcher.search(I)Z @ 121 c2
Event: 14.418 Thread 0x0000000000323800 Uncommon trap: reason=class_check action=maybe_recompile pc=0x00000000118a9e58 method=java.util.regex.Matcher.search(I)Z @ 121 c2
Event: 14.418 Thread 0x0000000000323800 Uncommon trap: reason=class_check action=maybe_recompile pc=0x00000000118a9e58 method=java.util.regex.Matcher.search(I)Z @ 121 c2
Event: 14.419 Thread 0x0000000000323800 Uncommon trap: reason=class_check action=maybe_recompile pc=0x00000000118a9e58 method=java.util.regex.Matcher.search(I)Z @ 121 c2
Event: 14.472 Thread 0x0000000000323800 Uncommon trap: reason=unstable_if action=reinterpret pc=0x00000000118daf44 method=java.lang.String.replace(CC)Ljava/lang/String; @ 2 c2
Event: 15.205 Thread 0x0000000000323800 Uncommon trap: reason=unstable_if action=reinterpret pc=0x00000000118ad134 method=java.util.Formatter$Conversion.isInteger(C)Z @ 1 c2
Event: 25.082 Thread 0x000000005f297800 Uncommon trap: reason=unstable_if action=reinterpret pc=0x000000001187786c method=org.monte.media.avi.TechSmithCodecCore.encodeDelta24(Ljava/io/OutputStream;[I[IIIII)V @ 262 c2

Classes redefined (0 events):
No events

Internal exceptions (10 events):
Event: 15.281 Thread 0x0000000000323800 Exception <a 'java/lang/NoSuchMethodError'{0x00000000ea48b5b8}: java.lang.invoke.DirectMethodHandle$Holder.invokeSpecial(Ljava/lang/Object;Ljava/lang/Object;Ljava/lang/Object;Ljava/lang/Object;Ljava/lang/Object;)V> (0x00000000ea48b5b8) thrown at [./open/s
Event: 15.289 Thread 0x0000000000323800 Exception <a 'java/lang/NoSuchMethodError'{0x00000000ea492080}: java.lang.invoke.DirectMethodHandle$Holder.invokeStatic(Ljava/lang/Object;Ljava/lang/Object;I)V> (0x00000000ea492080) thrown at [./open/src/hotspot/share/interpreter/linkResolver.cpp, line 77
Event: 15.509 Thread 0x0000000000323800 Exception <a 'java/lang/NoSuchMethodError'{0x00000000ea1cfbe8}: java.lang.invoke.DirectMethodHandle$Holder.invokeSpecialIFC(Ljava/lang/Object;Ljava/lang/Object;Ljava/lang/Object;)I> (0x00000000ea1cfbe8) thrown at [./open/src/hotspot/share/interpreter/link
Event: 15.651 Thread 0x0000000000323800 Exception <a 'java/lang/NoSuchMethodError'{0x00000000ea563d08}: java.lang.invoke.DirectMethodHandle$Holder.invokeStatic(Ljava/lang/Object;Ljava/lang/Object;Ljava/lang/Object;Ljava/lang/Object;)V> (0x00000000ea563d08) thrown at [./open/src/hotspot/share/in
Event: 15.838 Thread 0x0000000000323800 Exception <a 'java/lang/NoSuchMethodError'{0x00000000ea32ef90}: java.lang.invoke.DirectMethodHandle$Holder.invokeSpecial(Ljava/lang/Object;Ljava/lang/Object;Ljava/lang/Object;Ljava/lang/Object;Ljava/lang/Object;Ljava/lang/Object;)V> (0x00000000ea32ef90) t
Event: 25.971 Thread 0x000000005f297800 Exception <a 'java/lang/OutOfMemoryError'{0x00000000ea505280}: OutOfMemoryError> (0x00000000ea505280) thrown at [./open/src/hotspot/share/prims/jni.cpp, line 632]
Event: 25.987 Thread 0x000000005f297800 Implicit null exception at 0x000000000a844864 to 0x000000000a844ae8
Event: 25.992 Thread 0x000000005f297800 Exception <a 'java/lang/NullPointerException'{0x00000000ea50a438}> (0x00000000ea50a438) thrown at [./open/src/hotspot/share/runtime/sharedRuntime.cpp, line 605]
Event: 32.742 Thread 0x0000000000323800 Exception <a 'java/lang/NoSuchMethodError'{0x00000000e9e08230}: java.lang.invoke.DirectMethodHandle$Holder.invokeSpecialIFC(Ljava/lang/Object;Ljava/lang/Object;Ljava/lang/Object;)Ljava/lang/Object;> (0x00000000e9e08230) thrown at [./open/src/hotspot/share
Event: 33.199 Thread 0x0000000000323800 Exception <a 'java/lang/ClassNotFoundException'{0x00000000ea5e42c8}: sun/util/logging/resources/spi/loggingProvider> (0x00000000ea5e42c8) thrown at [./open/src/hotspot/share/classfile/systemDictionary.cpp, line 226]

Events (10 events):
Event: 33.268 loading class com/google/common/base/Splitter$Strategy
Event: 33.268 loading class com/google/common/base/Splitter$Strategy done
Event: 33.269 loading class com/google/common/base/Splitter$1
Event: 33.269 loading class com/google/common/base/Splitter$1 done
Event: 33.273 loading class com/google/common/base/Splitter$SplittingIterator
Event: 33.273 loading class com/google/common/base/Splitter$SplittingIterator done
Event: 33.274 loading class com/google/common/base/AbstractIterator
Event: 33.274 loading class com/google/common/base/AbstractIterator done
Event: 33.277 loading class com/google/common/base/Splitter$1$1
Event: 33.277 loading class com/google/common/base/Splitter$1$1 done


Dynamic libraries:
0x000000013f390000 - 0x000000013f39f000 	C:\Program Files\Java\jdk-11.0.15.1\bin\java.exe
0x0000000077020000 - 0x00000000771bf000 	C:\Windows\SYSTEM32\ntdll.dll
0x0000000076e00000 - 0x0000000076f1f000 	C:\Windows\system32\kernel32.dll
0x000007fefce00000 - 0x000007fefce67000 	C:\Windows\system32\KERNELBASE.dll
0x000007fef14a0000 - 0x000007fef14b8000 	C:\Program Files\Java\jdk-11.0.15.1\bin\jli.dll
0x000007feff230000 - 0x000007feff30b000 	C:\Windows\system32\ADVAPI32.dll
0x000007feff030000 - 0x000007feff0cf000 	C:\Windows\system32\msvcrt.dll
0x000007fefd1a0000 - 0x000007fefd1bf000 	C:\Windows\SYSTEM32\sechost.dll
0x000007fefd060000 - 0x000007fefd18c000 	C:\Windows\system32\RPCRT4.dll
0x000007fefb5c0000 - 0x000007fefb7b5000 	C:\Windows\WinSxS\amd64_microsoft.windows.common-controls_6595b64144ccf1df_6.0.7601.24483_none_e372d88f30fbb845\COMCTL32.dll
0x000007fefeab0000 - 0x000007fefeb17000 	C:\Windows\system32\GDI32.dll
0x0000000076f20000 - 0x000000007701b000 	C:\Windows\system32\USER32.dll
0x000007fefe520000 - 0x000007fefe52e000 	C:\Windows\system32\LPK.dll
0x000007fefe530000 - 0x000007fefe5fb000 	C:\Windows\system32\USP10.dll
0x000007fefdf50000 - 0x000007fefdfc1000 	C:\Windows\system32\SHLWAPI.dll
0x000007fefbc50000 - 0x000007fefbc5c000 	C:\Windows\system32\VERSION.dll
0x000007fefb4b0000 - 0x000007fefb4c5000 	C:\Program Files\Java\jdk-11.0.15.1\bin\VCRUNTIME140.dll
0x000007fef1480000 - 0x000007fef1484000 	C:\Program Files\Java\jdk-11.0.15.1\bin\api-ms-win-crt-runtime-l1-1-0.dll
0x000007feecd00000 - 0x000007feecdfa000 	C:\Program Files\Java\jdk-11.0.15.1\bin\ucrtbase.DLL
0x000007fef1490000 - 0x000007fef1493000 	C:\Program Files\Java\jdk-11.0.15.1\bin\api-ms-win-core-localization-l1-2-0.dll
0x000007fef1460000 - 0x000007fef1463000 	C:\Program Files\Java\jdk-11.0.15.1\bin\api-ms-win-core-processthreads-l1-1-1.dll
0x000007fef1470000 - 0x000007fef1473000 	C:\Program Files\Java\jdk-11.0.15.1\bin\api-ms-win-core-file-l1-2-0.dll
0x000007fef1440000 - 0x000007fef1443000 	C:\Program Files\Java\jdk-11.0.15.1\bin\api-ms-win-core-timezone-l1-1-0.dll
0x000007fef1450000 - 0x000007fef1453000 	C:\Program Files\Java\jdk-11.0.15.1\bin\api-ms-win-core-file-l2-1-0.dll
0x000007feed580000 - 0x000007feed583000 	C:\Program Files\Java\jdk-11.0.15.1\bin\api-ms-win-core-synch-l1-2-0.dll
0x000007feedee0000 - 0x000007feedee3000 	C:\Program Files\Java\jdk-11.0.15.1\bin\api-ms-win-crt-heap-l1-1-0.dll
0x000007feed540000 - 0x000007feed544000 	C:\Program Files\Java\jdk-11.0.15.1\bin\api-ms-win-crt-string-l1-1-0.dll
0x000007feed530000 - 0x000007feed534000 	C:\Program Files\Java\jdk-11.0.15.1\bin\api-ms-win-crt-stdio-l1-1-0.dll
0x000007feed520000 - 0x000007feed524000 	C:\Program Files\Java\jdk-11.0.15.1\bin\api-ms-win-crt-convert-l1-1-0.dll
0x000007feed510000 - 0x000007feed513000 	C:\Program Files\Java\jdk-11.0.15.1\bin\api-ms-win-crt-environment-l1-1-0.dll
0x000007feed500000 - 0x000007feed503000 	C:\Program Files\Java\jdk-11.0.15.1\bin\api-ms-win-crt-filesystem-l1-1-0.dll
0x000007feed4f0000 - 0x000007feed4f5000 	C:\Program Files\Java\jdk-11.0.15.1\bin\api-ms-win-crt-math-l1-1-0.dll
0x000007feed4e0000 - 0x000007feed4e3000 	C:\Program Files\Java\jdk-11.0.15.1\bin\api-ms-win-crt-locale-l1-1-0.dll
0x000007fefcf30000 - 0x000007fefcf5e000 	C:\Windows\system32\IMM32.DLL
0x000007feff0d0000 - 0x000007feff1db000 	C:\Windows\system32\MSCTF.dll
0x000007feed440000 - 0x000007feed4db000 	C:\Program Files\Java\jdk-11.0.15.1\bin\msvcp140.dll
0x000007feed430000 - 0x000007feed433000 	C:\Program Files\Java\jdk-11.0.15.1\bin\api-ms-win-crt-time-l1-1-0.dll
0x000007feed420000 - 0x000007feed423000 	C:\Program Files\Java\jdk-11.0.15.1\bin\api-ms-win-crt-utility-l1-1-0.dll
0x000007fee7980000 - 0x000007fee8496000 	C:\Program Files\Java\jdk-11.0.15.1\bin\server\jvm.dll
0x000007fef6b30000 - 0x000007fef6b39000 	C:\Windows\system32\WSOCK32.dll
0x000007feff1e0000 - 0x000007feff22d000 	C:\Windows\system32\WS2_32.dll
0x000007fefd190000 - 0x000007fefd198000 	C:\Windows\system32\NSI.dll
0x000007fef68f0000 - 0x000007fef692b000 	C:\Windows\system32\WINMM.dll
0x00000000771d0000 - 0x00000000771d7000 	C:\Windows\system32\PSAPI.DLL
0x000007feed410000 - 0x000007feed420000 	C:\Program Files\Java\jdk-11.0.15.1\bin\verify.dll
0x000007feed970000 - 0x000007feeda95000 	C:\Windows\system32\DBGHELP.DLL
0x000007feed3e0000 - 0x000007feed408000 	C:\Program Files\Java\jdk-11.0.15.1\bin\java.dll
0x000007feed3d0000 - 0x000007feed3da000 	C:\Program Files\Java\jdk-11.0.15.1\bin\jimage.dll
0x000007feeccc0000 - 0x000007feeccce000 	C:\Program Files\Java\jdk-11.0.15.1\bin\instrument.dll
0x000007feed060000 - 0x000007feed076000 	C:\Program Files\Java\jdk-11.0.15.1\bin\zip.dll
0x000007fefd1c0000 - 0x000007fefdf4b000 	C:\Windows\system32\SHELL32.dll
0x000007fefeba0000 - 0x000007fefed9f000 	C:\Windows\system32\ole32.dll
0x000007fefcb70000 - 0x000007fefcb7f000 	C:\Windows\system32\profapi.dll
0x000007feecf50000 - 0x000007feecf69000 	C:\Program Files\Java\jdk-11.0.15.1\bin\net.dll
0x000007fef7670000 - 0x000007fef76e1000 	C:\Windows\system32\WINHTTP.dll
0x000007fef7600000 - 0x000007fef7665000 	C:\Windows\system32\webio.dll
0x000007fefc2b0000 - 0x000007fefc305000 	C:\Windows\system32\mswsock.dll
0x000007fefc2a0000 - 0x000007fefc2a7000 	C:\Windows\System32\wship6.dll
0x000007feecce0000 - 0x000007feeccf2000 	C:\Program Files\Java\jdk-11.0.15.1\bin\nio.dll
0x000007feec5c0000 - 0x000007feec5da000 	C:\Program Files\JetBrains\IntelliJ IDEA Community Edition 2022.2\bin\breakgen64.dll
0x000007feec310000 - 0x000007feec4aa000 	C:\Program Files\Java\jdk-11.0.15.1\bin\awt.dll
0x000007fefcf60000 - 0x000007fefd03b000 	C:\Windows\system32\OLEAUT32.dll
0x000007fefb250000 - 0x000007fefb2a6000 	C:\Windows\system32\uxtheme.dll
0x000007fefad40000 - 0x000007fefad58000 	C:\Windows\system32\dwmapi.dll
0x000007fefca10000 - 0x000007fefca1f000 	C:\Windows\system32\CRYPTBASE.dll
0x000007feec630000 - 0x000007feec74d000 	C:\Windows\system32\opengl32.dll
0x000007feed390000 - 0x000007feed3bd000 	C:\Windows\system32\GLU32.dll
0x000007feeb530000 - 0x000007feeb621000 	C:\Windows\system32\DDRAW.dll
0x000007feedef0000 - 0x000007feedef8000 	C:\Windows\system32\DCIMAN32.dll
0x000007fefe340000 - 0x000007fefe517000 	C:\Windows\system32\SETUPAPI.dll
0x000007fefceb0000 - 0x000007fefcee6000 	C:\Windows\system32\CFGMGR32.dll
0x000007fefce90000 - 0x000007fefceaa000 	C:\Windows\system32\DEVOBJ.dll
0x000007feec590000 - 0x000007feec5b5000 	C:\Program Files\Java\jdk-11.0.15.1\bin\sunec.dll
0x000007fefc310000 - 0x000007fefc328000 	C:\Windows\system32\CRYPTSP.dll
0x000007fefc010000 - 0x000007fefc057000 	C:\Windows\system32\rsaenh.dll
0x000007fefcbb0000 - 0x000007fefcbcf000 	C:\Windows\system32\USERENV.dll
0x000007fefa650000 - 0x000007fefa677000 	C:\Windows\system32\IPHLPAPI.DLL
0x000007fefa640000 - 0x000007fefa64b000 	C:\Windows\system32\WINNSI.DLL
0x000007fefa320000 - 0x000007fefa338000 	C:\Windows\system32\dhcpcsvc.DLL
0x000007fefa2d0000 - 0x000007fefa2e1000 	C:\Windows\system32\dhcpcsvc6.DLL
0x000007fefbd20000 - 0x000007fefbd27000 	C:\Windows\System32\wshtcpip.dll
0x000007fefc130000 - 0x000007fefc18b000 	C:\Windows\system32\DNSAPI.dll
0x000000006e1c0000 - 0x000000006e1e6000 	C:\Program Files\Bonjour\mdnsNSP.dll
0x000007fef5c20000 - 0x000007fef5c28000 	C:\Windows\system32\rasadhlp.dll
0x000007fefa410000 - 0x000007fefa463000 	C:\Windows\System32\fwpuclnt.dll
0x000007feec800000 - 0x000007feec80d000 	C:\Program Files\Java\jdk-11.0.15.1\bin\sunmscapi.dll
0x000007fefcbe0000 - 0x000007fefcd4d000 	C:\Windows\system32\CRYPT32.dll
0x000007fefcb80000 - 0x000007fefcb8f000 	C:\Windows\system32\MSASN1.dll
0x000007fefc4e0000 - 0x000007fefc530000 	C:\Windows\system32\ncrypt.dll
0x000007fefc4b0000 - 0x000007fefc4d2000 	C:\Windows\system32\bcrypt.dll
0x000007fefc9b0000 - 0x000007fefca07000 	C:\Windows\system32\apphelp.dll
0x000007feed050000 - 0x000007feed059000 	C:\Program Files\Java\jdk-11.0.15.1\bin\management.dll
0x000007feeccd0000 - 0x000007feeccdb000 	C:\Program Files\Java\jdk-11.0.15.1\bin\management_ext.dll
0x000007fefa910000 - 0x000007fefa925000 	C:\Windows\system32\NLAapi.dll
0x000007fefa3d0000 - 0x000007fefa3e5000 	C:\Windows\system32\napinsp.dll
0x000007fefa300000 - 0x000007fefa319000 	C:\Windows\system32\pnrpnsp.dll
0x000007fefa5d0000 - 0x000007fefa5db000 	C:\Windows\System32\winrnr.dll

dbghelp: loaded successfully - version: 4.0.5 - missing functions: none
symbol engine: initialized successfully - sym options: 0x614 - pdb path: .;C:\Program Files\Java\jdk-11.0.15.1\bin;C:\Windows\SYSTEM32;C:\Windows\WinSxS\amd64_microsoft.windows.common-controls_6595b64144ccf1df_6.0.7601.24483_none_e372d88f30fbb845;C:\Program Files\Java\jdk-11.0.15.1\bin\server;C:\Program Files\JetBrains\IntelliJ IDEA Community Edition 2022.2\bin;C:\Program Files\Bonjour

VM Arguments:
jvm_args: -javaagent:C:\Program Files\JetBrains\IntelliJ IDEA Community Edition 2022.2\lib\idea_rt.jar=54459:C:\Program Files\JetBrains\IntelliJ IDEA Community Edition 2022.2\bin -Dfile.encoding=UTF-8 
java_command: org.example.test
java_class_path (initial): C:\Users\Admin\IdeaProjects\java\InternshipAssignment\target\test-classes;C:\Users\Admin\IdeaProjects\java\InternshipAssignment\target\classes;C:\Users\Admin\.m2\repository\com\github\stephenc\monte\monte-screen-recorder\0.7.7.0\monte-screen-recorder-0.7.7.0.jar;C:\Users\Admin\.m2\repository\io\github\bonigarcia\webdrivermanager\5.3.0\webdrivermanager-5.3.0.jar;C:\Users\Admin\.m2\repository\org\slf4j\slf4j-api\1.7.36\slf4j-api-1.7.36.jar;C:\Users\Admin\.m2\repository\com\google\code\gson\gson\2.9.1\gson-2.9.1.jar;C:\Users\Admin\.m2\repository\com\github\docker-java\docker-java\3.2.13\docker-java-3.2.13.jar;C:\Users\Admin\.m2\repository\com\github\docker-java\docker-java-core\3.2.13\docker-java-core-3.2.13.jar;C:\Users\Admin\.m2\repository\com\github\docker-java\docker-java-api\3.2.13\docker-java-api-3.2.13.jar;C:\Users\Admin\.m2\repository\com\fasterxml\jackson\core\jackson-annotations\2.10.3\jackson-annotations-2.10.3.jar;C:\Users\Admin\.m2\repository\commons-io\commons-io\2.6\commons-io-2.6.jar;C:\Users\Admin\.m2\repository\org\apache\commons\commons-compress\1.21\commons-compress-1.21.jar;C:\Users\Admin\.m2\repository\com\fasterxml\jackson\core\jackson-databind\2.10.3\jackson-databind-2.10.3.jar;C:\Users\Admin\.m2\repository\com\fasterxml\jackson\core\jackson-core\2.10.3\jackson-core-2.10.3.jar;C:\Users\Admin\.m2\repository\org\bouncycastle\bcpkix-jdk15on\1.64\bcpkix-jdk15on-1.64.jar;C:\Users\Admin\.m2\repository\org\bouncycastle\bcprov-jdk15on\1.64\bcprov-jdk15on-1.64.jar;C:\Users\Admin\.m2\repository\org\slf4j\jcl-over-slf4j\1.7.30\jcl-over-slf4j-1.7.30.jar;C:\Users\Admin\.m2\repository\com\github\docker-java\docker-java-transport-httpclient5\3.2.13\docker-java-transport-httpclient5-3.2.13.jar;C:\Users\Admin\.m2\repository\com\github\docker-java\docker-java-transport\3.2.13\docker-java-transport-3.2.13.jar;C:\Users\Admin\.m2\repository\net\java\dev\jna\jna\5.8.0\jna-5.8.0.jar;C:\Users\Admin\.m2\repository\org\brotli\dec\0.1.2\dec-0.
Launcher Type: SUN_STANDARD

[Global flags]
     intx CICompilerCount                          = 3                                         {product} {ergonomic}
     uint ConcGCThreads                            = 1                                         {product} {ergonomic}
     uint G1ConcRefinementThreads                  = 4                                         {product} {ergonomic}
   size_t G1HeapRegionSize                         = 1048576                                   {product} {ergonomic}
    uintx GCDrainStackTargetSize                   = 64                                        {product} {ergonomic}
   size_t InitialHeapSize                          = 33554432                                  {product} {ergonomic}
   size_t MarkStackSize                            = 4194304                                   {product} {ergonomic}
   size_t MaxHeapSize                              = 507510784                                 {product} {ergonomic}
   size_t MaxNewSize                               = 304087040                                 {product} {ergonomic}
   size_t MinHeapDeltaBytes                        = 1048576                                   {product} {ergonomic}
    uintx NonNMethodCodeHeapSize                   = 5830732                                {pd product} {ergonomic}
    uintx NonProfiledCodeHeapSize                  = 122913754                              {pd product} {ergonomic}
    uintx ProfiledCodeHeapSize                     = 122913754                              {pd product} {ergonomic}
    uintx ReservedCodeCacheSize                    = 251658240                              {pd product} {ergonomic}
     bool SegmentedCodeCache                       = true                                      {product} {ergonomic}
     bool UseCompressedClassPointers               = true                                 {lp64_product} {ergonomic}
     bool UseCompressedOops                        = true                                 {lp64_product} {ergonomic}
     bool UseG1GC                                  = true                                      {product} {ergonomic}
     bool UseLargePagesIndividualAllocation        = false                                  {pd product} {ergonomic}

Logging:
Log output configuration:
 #0: stdout all=warning uptime,level,tags
 #1: stderr all=off uptime,level,tags

Environment Variables:
PATH=C:\Program Files\Common Files\Oracle\Java\javapath;C:\Program Files\Broadcom\Broadcom 802.11 Network Adapter;C:\Windows\system32;C:\Windows;C:\Windows\System32\Wbem;C:\Windows\System32\WindowsPowerShell\v1.0\;C:\Program Files (x86)\Intel\OpenCL SDK\2.0\bin\x86;C:\Program Files (x86)\Intel\OpenCL SDK\2.0\bin\x64;C:\Program Files\Git\cmd;C:\Program Files\MySQL\MySQL Shell 8.0\bin\
USERNAME=Admin
OS=Windows_NT
PROCESSOR_IDENTIFIER=Intel64 Family 6 Model 58 Stepping 9, GenuineIntel



---------------  S Y S T E M  ---------------

OS: Windows 7 , 64 bit Build 7601 (6.1.7601.24545)

CPU:total 4 (initial active 4) (2 cores per cpu, 2 threads per core) family 6 model 58 stepping 9 microcode 0x0, cmov, cx8, fxsr, mmx, sse, sse2, sse3, ssse3, sse4.1, sse4.2, popcnt, avx, clmul, erms, ht, tsc, tscinvbit, tscinv

Memory: 4k page, system-wide physical 1929M (31M free)
TotalPageFile size 7719M (AvailPageFile size 5M)
current process WorkingSet (physical memory assigned to process): 143M, peak: 174M
current process commit charge ("private bytes"): 289M, peak: 293M

vm_info: Java HotSpot(TM) 64-Bit Server VM (11.0.15.1+2-LTS-10) for windows-amd64 JRE (11.0.15.1+2-LTS-10), built on Apr 25 2022 21:51:57 by "mach5one" with MS VC++ 15.9 (VS2017)

END.
